{
  "RSpec": {
    "coverage": {
      "/Users/hermionekidd/atm_demo/spec/account_spec.rb": [
        1,
        null,
        1,
        7,
        7,
        null,
        1,
        1,
        1,
        null,
        null,
        1,
        1,
        1,
        null,
        null,
        1,
        1,
        null,
        null,
        1,
        1,
        null,
        null,
        1,
        1,
        1,
        null,
        null,
        1,
        1,
        null,
        null,
        1,
        2,
        null,
        null,
        null,
        null
      ],
      "/Users/hermionekidd/atm_demo/lib/account.rb": [
        1,
        1,
        1,
        1,
        null,
        1,
        null,
        1,
        14,
        14,
        14,
        14,
        14,
        null,
        null,
        1,
        14,
        null,
        null,
        1,
        1,
        null,
        null,
        1,
        1,
        14,
        null,
        null,
        1,
        14,
        null,
        null,
        1,
        1,
        null,
        null,
        null
      ],
      "/Users/hermionekidd/atm_demo/spec/atm_spec.rb": [
        1,
        null,
        1,
        9,
        null,
        null,
        null,
        1,
        8,
        8,
        null,
        null,
        1,
        1,
        null,
        null,
        1,
        1,
        1,
        null,
        null,
        1,
        1,
        null,
        null,
        null,
        null,
        null,
        null,
        1,
        null,
        null,
        1,
        1,
        1,
        null,
        null,
        1,
        1,
        1,
        1,
        null,
        null,
        1,
        1,
        1,
        null,
        null,
        1,
        1,
        1,
        1,
        null,
        null,
        1,
        1,
        1,
        1,
        null,
        null,
        null
      ],
      "/Users/hermionekidd/atm_demo/lib/atm_demo.rb": [
        1,
        1,
        1,
        1,
        1,
        null,
        1,
        10,
        null,
        null,
        1,
        null,
        null,
        3,
        null,
        1,
        null,
        1,
        null,
        1,
        null,
        1,
        null,
        2,
        9,
        null,
        null,
        1,
        null,
        1,
        null,
        null,
        7,
        null,
        null,
        1,
        9,
        null,
        null,
        1,
        6,
        null,
        null,
        1,
        5,
        null,
        null,
        1,
        4,
        null,
        null,
        1,
        3,
        null,
        null,
        1,
        2,
        2,
        null,
        null,
        null,
        null,
        2,
        null,
        null,
        1,
        2,
        2,
        2,
        6,
        6,
        6,
        null,
        null,
        2,
        null,
        null
      ],
      "/Users/hermionekidd/atm_demo/lib/person.rb": [
        null,
        1,
        1,
        null,
        1,
        1,
        null,
        1,
        12,
        11,
        11,
        null,
        null,
        1,
        7,
        null,
        null,
        1,
        4,
        null,
        null,
        1,
        3,
        null,
        null,
        1,
        null,
        1,
        3,
        3,
        null,
        null,
        1,
        3,
        2,
        2,
        2,
        null,
        2,
        2,
        2,
        2,
        null,
        null,
        1,
        0,
        null,
        null,
        1,
        12,
        null,
        null,
        1,
        1,
        null,
        null,
        1,
        1,
        null,
        null,
        1,
        1,
        null,
        null,
        null
      ],
      "/Users/hermionekidd/atm_demo/spec/person_spec.rb": [
        1,
        1,
        null,
        1,
        null,
        12,
        null,
        1,
        1,
        null,
        null,
        1,
        2,
        null,
        null,
        1,
        1,
        null,
        null,
        1,
        1,
        null,
        null,
        1,
        null,
        3,
        1,
        1,
        null,
        null,
        1,
        1,
        null,
        null,
        null,
        1,
        3,
        null,
        6,
        1,
        1,
        null,
        null,
        1,
        1,
        1,
        1,
        1,
        null,
        null,
        1,
        2,
        1,
        null,
        null,
        1,
        2,
        2,
        null,
        null,
        1,
        1,
        1,
        1,
        1,
        1,
        null,
        null,
        null,
        null,
        1,
        1,
        2,
        null,
        null,
        null
      ]
    },
    "timestamp": 1516801639
  }
}
